<?xml version="1.0" encoding="UTF-8"?>
<!-- Generated by org.testng.reporters.JUnitReportReporter -->
<testsuite skipped="0" hostname="DDC2-D-6TMR9B2" name="test.Exceldemo" tests="1" failures="0" timestamp="2020-01-02T12:58:08 IST" time="0.974" errors="0">
  <testcase name="exceldemoo" time="0.974" classname="test.Exceldemo"/>
</testsuite> <!-- test.Exceldemo -->
