<?xml version="1.0" encoding="UTF-8"?>
<!-- Generated by org.testng.reporters.JUnitReportReporter -->
<testsuite skipped="0" hostname="DDC2-D-6TMR9B2" name="test.DragandDrop" tests="1" failures="0" timestamp="2020-01-02T10:16:27 IST" time="19.155" errors="0">
  <testcase name="dragdrop" time="19.155" classname="test.DragandDrop"/>
</testsuite> <!-- test.DragandDrop -->
