<?xml version="1.0" encoding="UTF-8"?>
<!-- Generated by org.testng.reporters.JUnitReportReporter -->
<testsuite skipped="2" hostname="DDC2-D-6TMR9B2" name="test.Demotest" tests="7" failures="0" timestamp="2019-12-30T15:59:04 IST" time="0.030" errors="0">
  <testcase name="a" time="0.006" classname="test.Demotest"/>
  <testcase name="b" time="0.009" classname="test.Demotest"/>
  <testcase name="test5" time="0.006" classname="test.Demotest"/>
  <testcase name="a" time="0.007" classname="test.Demotest"/>
  <testcase name="a" time="0.002" classname="test.Demotest"/>
  <testcase name="d" classname="test.Demotest">
    <skipped/>
  </testcase> <!-- d -->
  <testcase name="c" classname="test.Demotest">
    <skipped/>
  </testcase> <!-- c -->
</testsuite> <!-- test.Demotest -->
